This file contains any messages produced by compilers while
running configure, to aid debugging if configure makes a mistake.

It was created by libupnp configure 1.14.12, which was
generated by GNU Autoconf 2.69.  Invocation command line was

  $ ./configure --host=riscv64-unknown-linux-gnu

## --------- ##
## Platform. ##
## --------- ##

hostname = virtual-machine
uname -m = x86_64
uname -r = 4.15.0-187-generic
uname -s = Linux
uname -v = #198-Ubuntu SMP Tue Jun 14 03:23:51 UTC 2022

/usr/bin/uname -p = unknown
/bin/uname -X     = unknown

/bin/arch              = unknown
/usr/bin/arch -k       = unknown
/usr/convex/getsysinfo = unknown
/usr/bin/hostinfo      = unknown
/bin/machine           = unknown
/usr/bin/oslevel       = unknown
/bin/universe          = unknown

PATH: /home/book/.local/bin
PATH: /usr/local/sbin
PATH: /usr/local/bin
PATH: /usr/sbin
PATH: /usr/bin
PATH: /sbin
PATH: /bin
PATH: /usr/games
PATH: /usr/local/games
PATH: /snap/bin
PATH: /home/book/tina-d1-h/out/d1-h-nezha/staging_dir/toolchain/bin


## ----------- ##
## Core tests. ##
## ----------- ##

configure:2437: checking for a BSD-compatible install
configure:2505: result: /usr/bin/install -c
configure:2516: checking whether build environment is sane
configure:2571: result: yes
configure:2625: checking for riscv64-unknown-linux-gnu-strip
configure:2641: found /home/book/tina-d1-h/out/d1-h-nezha/staging_dir/toolchain/bin/riscv64-unknown-linux-gnu-strip
configure:2652: result: riscv64-unknown-linux-gnu-strip
configure:2717: checking for a thread-safe mkdir -p
configure:2756: result: /bin/mkdir -p
configure:2763: checking for gawk
configure:2779: found /usr/bin/gawk
configure:2790: result: gawk
configure:2801: checking whether make sets $(MAKE)
configure:2823: result: yes
configure:2852: checking whether make supports nested variables
configure:2869: result: yes
configure:3006: checking whether make supports nested variables
configure:3023: result: yes
configure:3043: checking build system type
configure:3057: result: x86_64-unknown-linux-gnu
configure:3077: checking host system type
configure:3090: result: riscv64-unknown-linux-gnu
configure:3128: checking whether make supports the include directive
configure:3143: make -f confmf.GNU && cat confinc.out
this is the am__doit target
configure:3146: $? = 0
configure:3165: result: yes (GNU style)
configure:3195: checking for riscv64-unknown-linux-gnu-gcc
configure:3211: found /home/book/tina-d1-h/out/d1-h-nezha/staging_dir/toolchain/bin/riscv64-unknown-linux-gnu-gcc
configure:3222: result: riscv64-unknown-linux-gnu-gcc
configure:3491: checking for C compiler version
configure:3500: riscv64-unknown-linux-gnu-gcc --version >&5
riscv64-unknown-linux-gnu-gcc (C-SKY RISCV Tools V1.8.4 B20200702) 8.1.0
Copyright (C) 2018 Free Software Foundation, Inc.
This is free software; see the source for copying conditions.  There is NO
warranty; not even for MERCHANTABILITY or FITNESS FOR A PARTICULAR PURPOSE.

configure:3511: $? = 0
configure:3500: riscv64-unknown-linux-gnu-gcc -v >&5
Using built-in specs.
COLLECT_GCC=/home/book/tina-d1-h/prebuilt/gcc/linux-x86/riscv/toolchain-thead-glibc/riscv64-glibc-gcc-thead_20200702/bin/riscv64-unknown-linux-gnu-gcc
COLLECT_LTO_WRAPPER=/home/book/tina-d1-h/prebuilt/gcc/linux-x86/riscv/toolchain-thead-glibc/riscv64-glibc-gcc-thead_20200702/bin/../libexec/gcc/riscv64-unknown-linux-gnu/8.1.0/lto-wrapper
Target: riscv64-unknown-linux-gnu
Configured with: /ldhome/software/toolsbuild/slave/workspace/riscv64_build_linux_x86_64/build/../source/riscv/riscv-gcc/configure --target=riscv64-unknown-linux-gnu --with-mpc=/ldhome/software/toolsbuild/slave/workspace/riscv64_build_linux_x86_64/lib-for-gcc-x86_64-linux/ --with-mpfr=/ldhome/software/toolsbuild/slave/workspace/riscv64_build_linux_x86_64/lib-for-gcc-x86_64-linux/ --with-gmp=/ldhome/software/toolsbuild/slave/workspace/riscv64_build_linux_x86_64/lib-for-gcc-x86_64-linux/ --prefix=/ldhome/software/toolsbuild/slave/workspace/riscv64_build_linux_x86_64/install --with-sysroot=/ldhome/software/toolsbuild/slave/workspace/riscv64_build_linux_x86_64/install/sysroot --with-system-zlib --enable-shared --enable-tls --enable-languages=c,c++,fortran --disable-libmudflap --disable-libssp --disable-libquadmath --disable-nls --disable-bootstrap --src=../../source/riscv/riscv-gcc --enable-checking=yes --with-pkgversion='C-SKY RISCV Tools V1.8.4 B20200702' --enable-multilib --with-abi=lp64d --with-arch=rv64gcxthead 'CFLAGS_FOR_TARGET=-O2  -mcmodel=medany' 'CXXFLAGS_FOR_TARGET=-O2  -mcmodel=medany' CC=gcc CXX=g++
Thread model: posix
gcc version 8.1.0 (C-SKY RISCV Tools V1.8.4 B20200702) 
configure:3511: $? = 0
configure:3500: riscv64-unknown-linux-gnu-gcc -V >&5
riscv64-unknown-linux-gnu-gcc: error: unrecognized command line option '-V'
riscv64-unknown-linux-gnu-gcc: fatal error: no input files
compilation terminated.
configure:3511: $? = 1
configure:3500: riscv64-unknown-linux-gnu-gcc -qversion >&5
riscv64-unknown-linux-gnu-gcc: error: unrecognized command line option '-qversion'; did you mean '--version'?
riscv64-unknown-linux-gnu-gcc: fatal error: no input files
compilation terminated.
configure:3511: $? = 1
configure:3531: checking whether the C compiler works
configure:3553: riscv64-unknown-linux-gnu-gcc    conftest.c  >&5
configure:3557: $? = 0
configure:3605: result: yes
configure:3608: checking for C compiler default output file name
configure:3610: result: a.out
configure:3616: checking for suffix of executables
configure:3623: riscv64-unknown-linux-gnu-gcc -o conftest    conftest.c  >&5
configure:3627: $? = 0
configure:3649: result: 
configure:3671: checking whether we are cross compiling
configure:3679: riscv64-unknown-linux-gnu-gcc -o conftest    conftest.c  >&5
configure:3683: $? = 0
configure:3690: ./conftest
./configure: line 3692: ./conftest: No such file or directory
configure:3694: $? = 127
configure:3709: result: yes
configure:3714: checking for suffix of object files
configure:3736: riscv64-unknown-linux-gnu-gcc -c   conftest.c >&5
configure:3740: $? = 0
configure:3761: result: o
configure:3765: checking whether we are using the GNU C compiler
configure:3784: riscv64-unknown-linux-gnu-gcc -c   conftest.c >&5
configure:3784: $? = 0
configure:3793: result: yes
configure:3802: checking whether riscv64-unknown-linux-gnu-gcc accepts -g
configure:3822: riscv64-unknown-linux-gnu-gcc -c -g  conftest.c >&5
configure:3822: $? = 0
configure:3863: result: yes
configure:3880: checking for riscv64-unknown-linux-gnu-gcc option to accept ISO C89
configure:3943: riscv64-unknown-linux-gnu-gcc  -c -g -O2  conftest.c >&5
configure:3943: $? = 0
configure:3956: result: none needed
configure:3981: checking whether riscv64-unknown-linux-gnu-gcc understands -c and -o together
configure:4003: riscv64-unknown-linux-gnu-gcc -c conftest.c -o conftest2.o
configure:4006: $? = 0
configure:4003: riscv64-unknown-linux-gnu-gcc -c conftest.c -o conftest2.o
configure:4006: $? = 0
configure:4018: result: yes
configure:4037: checking dependency style of riscv64-unknown-linux-gnu-gcc
configure:4148: result: gcc3
configure:4171: checking for special C compiler options needed for large files
configure:4216: result: no
configure:4222: checking for _FILE_OFFSET_BITS value needed for large files
configure:4247: riscv64-unknown-linux-gnu-gcc -c -g -O2  conftest.c >&5
configure:4247: $? = 0
configure:4279: result: no
configure:4365: checking whether system differentiates 64bit off_t by defines
configure:4374: result: no
configure:4413: checking for --enable-debug
configure:4421: result: no
configure:4450: checking for --enable-client
configure:4458: result: yes
configure:4477: checking for --enable-device
configure:4485: result: yes
configure:4507: checking for --enable-webserver
configure:4515: result: yes
configure:4542: checking for --enable-ssdp
configure:4550: result: yes
configure:4568: checking for --enable-optssdp
configure:4576: result: yes
configure:4595: checking for --enable-soap
configure:4603: result: yes
configure:4621: checking for --enable-gena
configure:4629: result: yes
configure:4657: checking for --enable-tools
configure:4665: result: yes
configure:4683: checking for --enable-ipv6
configure:4691: result: yes
configure:4709: checking for --enable-unspecified_server
configure:4717: result: no
configure:4735: checking for --enable-open_ssl
configure:4743: result: no
configure:4761: checking for --enable-blocking_tcp_connections
configure:4769: result: yes
configure:4787: checking for --enable-scriptsupport
configure:4795: result: yes
configure:4813: checking for --enable-postwrite
configure:4821: result: no
configure:4839: checking for --enable-reuseaddr
configure:4847: result: no
configure:4865: checking for --enable-samples
configure:4873: result: yes
configure:4896: checking for riscv64-unknown-linux-gnu-gcc
configure:4923: result: riscv64-unknown-linux-gnu-gcc
configure:5192: checking for C compiler version
configure:5201: riscv64-unknown-linux-gnu-gcc --version >&5
riscv64-unknown-linux-gnu-gcc (C-SKY RISCV Tools V1.8.4 B20200702) 8.1.0
Copyright (C) 2018 Free Software Foundation, Inc.
This is free software; see the source for copying conditions.  There is NO
warranty; not even for MERCHANTABILITY or FITNESS FOR A PARTICULAR PURPOSE.

configure:5212: $? = 0
configure:5201: riscv64-unknown-linux-gnu-gcc -v >&5
Using built-in specs.
COLLECT_GCC=/home/book/tina-d1-h/prebuilt/gcc/linux-x86/riscv/toolchain-thead-glibc/riscv64-glibc-gcc-thead_20200702/bin/riscv64-unknown-linux-gnu-gcc
COLLECT_LTO_WRAPPER=/home/book/tina-d1-h/prebuilt/gcc/linux-x86/riscv/toolchain-thead-glibc/riscv64-glibc-gcc-thead_20200702/bin/../libexec/gcc/riscv64-unknown-linux-gnu/8.1.0/lto-wrapper
Target: riscv64-unknown-linux-gnu
Configured with: /ldhome/software/toolsbuild/slave/workspace/riscv64_build_linux_x86_64/build/../source/riscv/riscv-gcc/configure --target=riscv64-unknown-linux-gnu --with-mpc=/ldhome/software/toolsbuild/slave/workspace/riscv64_build_linux_x86_64/lib-for-gcc-x86_64-linux/ --with-mpfr=/ldhome/software/toolsbuild/slave/workspace/riscv64_build_linux_x86_64/lib-for-gcc-x86_64-linux/ --with-gmp=/ldhome/software/toolsbuild/slave/workspace/riscv64_build_linux_x86_64/lib-for-gcc-x86_64-linux/ --prefix=/ldhome/software/toolsbuild/slave/workspace/riscv64_build_linux_x86_64/install --with-sysroot=/ldhome/software/toolsbuild/slave/workspace/riscv64_build_linux_x86_64/install/sysroot --with-system-zlib --enable-shared --enable-tls --enable-languages=c,c++,fortran --disable-libmudflap --disable-libssp --disable-libquadmath --disable-nls --disable-bootstrap --src=../../source/riscv/riscv-gcc --enable-checking=yes --with-pkgversion='C-SKY RISCV Tools V1.8.4 B20200702' --enable-multilib --with-abi=lp64d --with-arch=rv64gcxthead 'CFLAGS_FOR_TARGET=-O2  -mcmodel=medany' 'CXXFLAGS_FOR_TARGET=-O2  -mcmodel=medany' CC=gcc CXX=g++
Thread model: posix
gcc version 8.1.0 (C-SKY RISCV Tools V1.8.4 B20200702) 
configure:5212: $? = 0
configure:5201: riscv64-unknown-linux-gnu-gcc -V >&5
riscv64-unknown-linux-gnu-gcc: error: unrecognized command line option '-V'
riscv64-unknown-linux-gnu-gcc: fatal error: no input files
compilation terminated.
configure:5212: $? = 1
configure:5201: riscv64-unknown-linux-gnu-gcc -qversion >&5
riscv64-unknown-linux-gnu-gcc: error: unrecognized command line option '-qversion'; did you mean '--version'?
riscv64-unknown-linux-gnu-gcc: fatal error: no input files
compilation terminated.
configure:5212: $? = 1
configure:5216: checking whether we are using the GNU C compiler
configure:5244: result: yes
configure:5253: checking whether riscv64-unknown-linux-gnu-gcc accepts -g
configure:5314: result: yes
configure:5331: checking for riscv64-unknown-linux-gnu-gcc option to accept ISO C89
configure:5407: result: none needed
configure:5432: checking whether riscv64-unknown-linux-gnu-gcc understands -c and -o together
configure:5469: result: yes
configure:5488: checking dependency style of riscv64-unknown-linux-gnu-gcc
configure:5599: result: gcc3
configure:5620: checking for riscv64-unknown-linux-gnu-ar
configure:5636: found /home/book/tina-d1-h/out/d1-h-nezha/staging_dir/toolchain/bin/riscv64-unknown-linux-gnu-ar
configure:5647: result: riscv64-unknown-linux-gnu-ar
configure:5717: checking the archiver (riscv64-unknown-linux-gnu-ar) interface
configure:5733: riscv64-unknown-linux-gnu-gcc -c -g -O2  conftest.c >&5
configure:5733: $? = 0
configure:5735: riscv64-unknown-linux-gnu-ar cru libconftest.a conftest.o >&5
configure:5738: $? = 0
configure:5766: result: ar
configure:5832: checking how to print strings
configure:5859: result: printf
configure:5880: checking for a sed that does not truncate output
configure:5944: result: /bin/sed
configure:5962: checking for grep that handles long lines and -e
configure:6020: result: /bin/grep
configure:6025: checking for egrep
configure:6087: result: /bin/grep -E
configure:6092: checking for fgrep
configure:6154: result: /bin/grep -F
configure:6189: checking for ld used by riscv64-unknown-linux-gnu-gcc
configure:6256: result: /home/book/tina-d1-h/prebuilt/gcc/linux-x86/riscv/toolchain-thead-glibc/riscv64-glibc-gcc-thead_20200702/riscv64-unknown-linux-gnu/bin/ld
configure:6263: checking if the linker (/home/book/tina-d1-h/prebuilt/gcc/linux-x86/riscv/toolchain-thead-glibc/riscv64-glibc-gcc-thead_20200702/riscv64-unknown-linux-gnu/bin/ld) is GNU ld
configure:6278: result: yes
configure:6290: checking for BSD- or MS-compatible name lister (nm)
configure:6344: result: /home/book/tina-d1-h/out/d1-h-nezha/staging_dir/toolchain/bin/riscv64-unknown-linux-gnu-nm -B
configure:6474: checking the name lister (/home/book/tina-d1-h/out/d1-h-nezha/staging_dir/toolchain/bin/riscv64-unknown-linux-gnu-nm -B) interface
configure:6481: riscv64-unknown-linux-gnu-gcc -c -g -O2  conftest.c >&5
configure:6484: /home/book/tina-d1-h/out/d1-h-nezha/staging_dir/toolchain/bin/riscv64-unknown-linux-gnu-nm -B "conftest.o"
configure:6487: output
000000000000003e N .LASF0
0000000000000033 N .LASF1
000000000000000e N .LASF2
0000000000000000 N .LASF3
0000000000000000 N .Ldebug_abbrev0
0000000000000000 N .Ldebug_info0
0000000000000000 N .Ldebug_line0
0000000000000000 B some_variable
configure:6494: result: BSD nm
configure:6497: checking whether ln -s works
configure:6501: result: yes
configure:6509: checking the maximum length of command line arguments
configure:6640: result: 1572864
configure:6688: checking how to convert x86_64-unknown-linux-gnu file names to riscv64-unknown-linux-gnu format
configure:6728: result: func_convert_file_noop
configure:6735: checking how to convert x86_64-unknown-linux-gnu file names to toolchain format
configure:6755: result: func_convert_file_noop
configure:6762: checking for /home/book/tina-d1-h/prebuilt/gcc/linux-x86/riscv/toolchain-thead-glibc/riscv64-glibc-gcc-thead_20200702/riscv64-unknown-linux-gnu/bin/ld option to reload object files
configure:6769: result: -r
configure:6803: checking for riscv64-unknown-linux-gnu-objdump
configure:6819: found /home/book/tina-d1-h/out/d1-h-nezha/staging_dir/toolchain/bin/riscv64-unknown-linux-gnu-objdump
configure:6830: result: riscv64-unknown-linux-gnu-objdump
configure:6902: checking how to recognize dependent libraries
configure:7102: result: pass_all
configure:7147: checking for riscv64-unknown-linux-gnu-dlltool
configure:7177: result: no
configure:7187: checking for dlltool
configure:7217: result: no
configure:7247: checking how to associate runtime and link libraries
configure:7274: result: printf %s\n
configure:7290: checking for riscv64-unknown-linux-gnu-ar
configure:7317: result: riscv64-unknown-linux-gnu-ar
configure:7398: checking for archiver @FILE support
configure:7415: riscv64-unknown-linux-gnu-gcc -c -g -O2  conftest.c >&5
configure:7415: $? = 0
configure:7418: riscv64-unknown-linux-gnu-ar cru libconftest.a @conftest.lst >&5
configure:7421: $? = 0
configure:7426: riscv64-unknown-linux-gnu-ar cru libconftest.a @conftest.lst >&5
/home/book/tina-d1-h/prebuilt/gcc/linux-x86/riscv/toolchain-thead-glibc/riscv64-glibc-gcc-thead_20200702/bin/riscv64-unknown-linux-gnu-ar: conftest.o: No such file or directory
configure:7429: $? = 1
configure:7441: result: @
configure:7459: checking for riscv64-unknown-linux-gnu-strip
configure:7486: result: riscv64-unknown-linux-gnu-strip
configure:7558: checking for riscv64-unknown-linux-gnu-ranlib
configure:7574: found /home/book/tina-d1-h/out/d1-h-nezha/staging_dir/toolchain/bin/riscv64-unknown-linux-gnu-ranlib
configure:7585: result: riscv64-unknown-linux-gnu-ranlib
configure:7727: checking command to parse /home/book/tina-d1-h/out/d1-h-nezha/staging_dir/toolchain/bin/riscv64-unknown-linux-gnu-nm -B output from riscv64-unknown-linux-gnu-gcc object
configure:7880: riscv64-unknown-linux-gnu-gcc -c -g -O2  conftest.c >&5
configure:7883: $? = 0
configure:7887: /home/book/tina-d1-h/out/d1-h-nezha/staging_dir/toolchain/bin/riscv64-unknown-linux-gnu-nm -B conftest.o \| sed -n -e 's/^.*[ ]\([ABCDGIRSTW][ABCDGIRSTW]*\)[ ][ ]*\([_A-Za-z][_A-Za-z0-9]*\)$/\1 \2 \2/p' | sed '/ __gnu_lto/d' \> conftest.nm
configure:7890: $? = 0
configure:7956: riscv64-unknown-linux-gnu-gcc -o conftest -g -O2   conftest.c conftstm.o >&5
configure:7959: $? = 0
configure:7997: result: ok
configure:8044: checking for sysroot
configure:8074: result: no
configure:8081: checking for a working dd
configure:8119: result: /bin/dd
configure:8123: checking how to truncate binary pipes
configure:8138: result: /bin/dd bs=4096 count=1
configure:8427: checking for riscv64-unknown-linux-gnu-mt
configure:8457: result: no
configure:8467: checking for mt
configure:8483: found /bin/mt
configure:8494: result: mt
configure:8506: WARNING: using cross tools not prefixed with host triplet
configure:8517: checking if mt is a manifest tool
configure:8523: mt '-?'
configure:8531: result: no
configure:9208: checking how to run the C preprocessor
configure:9239: riscv64-unknown-linux-gnu-gcc -E  conftest.c
configure:9239: $? = 0
configure:9253: riscv64-unknown-linux-gnu-gcc -E  conftest.c
conftest.c:27:10: fatal error: ac_nonexistent.h: No such file or directory
 #include <ac_nonexistent.h>
          ^~~~~~~~~~~~~~~~~~
compilation terminated.
configure:9253: $? = 1
configure: failed program was:
| /* confdefs.h */
| #define PACKAGE_NAME "libupnp"
| #define PACKAGE_TARNAME "libupnp"
| #define PACKAGE_VERSION "1.14.12"
| #define PACKAGE_STRING "libupnp 1.14.12"
| #define PACKAGE_BUGREPORT "mroberto@users.sourceforge.net"
| #define PACKAGE_URL ""
| #define PACKAGE "libupnp"
| #define VERSION "1.14.12"
| #define UPNP_VERSION_STRING "1.14.12"
| #define UPNP_VERSION_MAJOR 1
| #define UPNP_VERSION_MINOR 14
| #define UPNP_VERSION_PATCH 12
| #define NDEBUG 1
| #define UPNP_HAVE_CLIENT 1
| #define UPNP_HAVE_DEVICE 1
| #define UPNP_HAVE_WEBSERVER 1
| #define UPNP_HAVE_SSDP 1
| #define UPNP_HAVE_OPTSSDP 1
| #define UPNP_HAVE_SOAP 1
| #define UPNP_HAVE_GENA 1
| #define UPNP_HAVE_TOOLS 1
| #define UPNP_ENABLE_IPV6 1
| #define UPNP_ENABLE_BLOCKING_TCP_CONNECTIONS 1
| #define IXML_HAVE_SCRIPTSUPPORT 1
| /* end confdefs.h.  */
| #include <ac_nonexistent.h>
configure:9278: result: riscv64-unknown-linux-gnu-gcc -E
configure:9298: riscv64-unknown-linux-gnu-gcc -E  conftest.c
configure:9298: $? = 0
configure:9312: riscv64-unknown-linux-gnu-gcc -E  conftest.c
conftest.c:27:10: fatal error: ac_nonexistent.h: No such file or directory
 #include <ac_nonexistent.h>
          ^~~~~~~~~~~~~~~~~~
compilation terminated.
configure:9312: $? = 1
configure: failed program was:
| /* confdefs.h */
| #define PACKAGE_NAME "libupnp"
| #define PACKAGE_TARNAME "libupnp"
| #define PACKAGE_VERSION "1.14.12"
| #define PACKAGE_STRING "libupnp 1.14.12"
| #define PACKAGE_BUGREPORT "mroberto@users.sourceforge.net"
| #define PACKAGE_URL ""
| #define PACKAGE "libupnp"
| #define VERSION "1.14.12"
| #define UPNP_VERSION_STRING "1.14.12"
| #define UPNP_VERSION_MAJOR 1
| #define UPNP_VERSION_MINOR 14
| #define UPNP_VERSION_PATCH 12
| #define NDEBUG 1
| #define UPNP_HAVE_CLIENT 1
| #define UPNP_HAVE_DEVICE 1
| #define UPNP_HAVE_WEBSERVER 1
| #define UPNP_HAVE_SSDP 1
| #define UPNP_HAVE_OPTSSDP 1
| #define UPNP_HAVE_SOAP 1
| #define UPNP_HAVE_GENA 1
| #define UPNP_HAVE_TOOLS 1
| #define UPNP_ENABLE_IPV6 1
| #define UPNP_ENABLE_BLOCKING_TCP_CONNECTIONS 1
| #define IXML_HAVE_SCRIPTSUPPORT 1
| /* end confdefs.h.  */
| #include <ac_nonexistent.h>
configure:9341: checking for ANSI C header files
configure:9361: riscv64-unknown-linux-gnu-gcc -c -g -O2  conftest.c >&5
configure:9361: $? = 0
configure:9445: result: yes
configure:9458: checking for sys/types.h
configure:9458: riscv64-unknown-linux-gnu-gcc -c -g -O2  conftest.c >&5
configure:9458: $? = 0
configure:9458: result: yes
configure:9458: checking for sys/stat.h
configure:9458: riscv64-unknown-linux-gnu-gcc -c -g -O2  conftest.c >&5
configure:9458: $? = 0
configure:9458: result: yes
configure:9458: checking for stdlib.h
configure:9458: riscv64-unknown-linux-gnu-gcc -c -g -O2  conftest.c >&5
configure:9458: $? = 0
configure:9458: result: yes
configure:9458: checking for string.h
configure:9458: riscv64-unknown-linux-gnu-gcc -c -g -O2  conftest.c >&5
configure:9458: $? = 0
configure:9458: result: yes
configure:9458: checking for memory.h
configure:9458: riscv64-unknown-linux-gnu-gcc -c -g -O2  conftest.c >&5
configure:9458: $? = 0
configure:9458: result: yes
configure:9458: checking for strings.h
configure:9458: riscv64-unknown-linux-gnu-gcc -c -g -O2  conftest.c >&5
configure:9458: $? = 0
configure:9458: result: yes
configure:9458: checking for inttypes.h
configure:9458: riscv64-unknown-linux-gnu-gcc -c -g -O2  conftest.c >&5
configure:9458: $? = 0
configure:9458: result: yes
configure:9458: checking for stdint.h
configure:9458: riscv64-unknown-linux-gnu-gcc -c -g -O2  conftest.c >&5
configure:9458: $? = 0
configure:9458: result: yes
configure:9458: checking for unistd.h
configure:9458: riscv64-unknown-linux-gnu-gcc -c -g -O2  conftest.c >&5
configure:9458: $? = 0
configure:9458: result: yes
configure:9472: checking for dlfcn.h
configure:9472: riscv64-unknown-linux-gnu-gcc -c -g -O2  conftest.c >&5
configure:9472: $? = 0
configure:9472: result: yes
configure:9728: checking for objdir
configure:9743: result: .libs
configure:10007: checking if riscv64-unknown-linux-gnu-gcc supports -fno-rtti -fno-exceptions
configure:10025: riscv64-unknown-linux-gnu-gcc -c -g -O2  -fno-rtti -fno-exceptions conftest.c >&5
cc1: warning: command line option '-fno-rtti' is valid for C++/ObjC++ but not for C
configure:10029: $? = 0
configure:10042: result: no
configure:10400: checking for riscv64-unknown-linux-gnu-gcc option to produce PIC
configure:10407: result: -fPIC -DPIC
configure:10415: checking if riscv64-unknown-linux-gnu-gcc PIC flag -fPIC -DPIC works
configure:10433: riscv64-unknown-linux-gnu-gcc -c -g -O2  -fPIC -DPIC -DPIC conftest.c >&5
configure:10437: $? = 0
configure:10450: result: yes
configure:10479: checking if riscv64-unknown-linux-gnu-gcc static flag -static works
configure:10507: result: yes
configure:10522: checking if riscv64-unknown-linux-gnu-gcc supports -c -o file.o
configure:10543: riscv64-unknown-linux-gnu-gcc -c -g -O2  -o out/conftest2.o conftest.c >&5
configure:10547: $? = 0
configure:10569: result: yes
configure:10577: checking if riscv64-unknown-linux-gnu-gcc supports -c -o file.o
configure:10624: result: yes
configure:10657: checking whether the riscv64-unknown-linux-gnu-gcc linker (/home/book/tina-d1-h/prebuilt/gcc/linux-x86/riscv/toolchain-thead-glibc/riscv64-glibc-gcc-thead_20200702/riscv64-unknown-linux-gnu/bin/ld) supports shared libraries
configure:11916: result: yes
configure:11953: checking whether -lc should be explicitly linked in
configure:11961: riscv64-unknown-linux-gnu-gcc -c -g -O2  conftest.c >&5
configure:11964: $? = 0
configure:11979: riscv64-unknown-linux-gnu-gcc -shared  -fPIC -DPIC conftest.o  -v -Wl,-soname -Wl,conftest -o conftest 2\>\&1 \| /bin/grep  -lc  \>/dev/null 2\>\&1
configure:11982: $? = 0
configure:11996: result: no
configure:12156: checking dynamic linker characteristics
configure:12737: riscv64-unknown-linux-gnu-gcc -o conftest -g -O2   -Wl,-rpath -Wl,/foo conftest.c  >&5
configure:12737: $? = 0
configure:12974: result: GNU/Linux ld.so
configure:13096: checking how to hardcode library paths into programs
configure:13121: result: immediate
configure:13669: checking whether stripping libraries is possible
configure:13674: result: yes
configure:13709: checking if libtool supports shared libraries
configure:13711: result: yes
configure:13714: checking whether to build shared libraries
configure:13739: result: yes
configure:13742: checking whether to build static libraries
configure:13746: result: yes
configure:13784: checking whether make sets $(MAKE)
configure:13806: result: yes
configure:13815: checking for egrep
configure:13877: result: /bin/grep -E
configure:13899: Building for Linux
configure:14035: checking CFLAGS for gcc -Os
configure:14062: riscv64-unknown-linux-gnu-gcc -c -g -O2 -pedantic -Werror  -Os  conftest.c >&5
configure:14062: $? = 0
configure:14076: result: -Os
configure:14088: : CFLAGS="$CFLAGS $ac_cv_cflags_gcc_option__Os"
configure:14091: $? = 0
configure:14102: checking CFLAGS for maximum warnings
configure:14129: riscv64-unknown-linux-gnu-gcc -c -g -O2 -Os -pedantic  -Wall  conftest.c >&5
configure:14129: $? = 0
configure:14143: result: -Wall
configure:14156: : CFLAGS="$CFLAGS $ac_cv_cflags_warn_all"
configure:14159: $? = 0
configure:14166: checking CFLAGS for gcc -Wextra -Wpedantic
configure:14193: riscv64-unknown-linux-gnu-gcc -c -g -O2 -Os -Wall -pedantic -Werror  -Wextra -Wpedantic  conftest.c >&5
configure:14193: $? = 0
configure:14207: result: -Wextra -Wpedantic
configure:14219: : CFLAGS="$CFLAGS $ac_cv_cflags_gcc_option__Wextra__Wpedantic"
configure:14222: $? = 0
configure:14233: checking for size_t
configure:14233: riscv64-unknown-linux-gnu-gcc -c -g -O2 -Os -Wall -Wextra -Wpedantic  conftest.c >&5
configure:14233: $? = 0
configure:14233: riscv64-unknown-linux-gnu-gcc -c -g -O2 -Os -Wall -Wextra -Wpedantic  conftest.c >&5
conftest.c: In function 'main':
conftest.c:75:21: error: expected expression before ')' token
 if (sizeof ((size_t)))
                     ^
configure:14233: $? = 1
configure: failed program was:
| /* confdefs.h */
| #define PACKAGE_NAME "libupnp"
| #define PACKAGE_TARNAME "libupnp"
| #define PACKAGE_VERSION "1.14.12"
| #define PACKAGE_STRING "libupnp 1.14.12"
| #define PACKAGE_BUGREPORT "mroberto@users.sourceforge.net"
| #define PACKAGE_URL ""
| #define PACKAGE "libupnp"
| #define VERSION "1.14.12"
| #define UPNP_VERSION_STRING "1.14.12"
| #define UPNP_VERSION_MAJOR 1
| #define UPNP_VERSION_MINOR 14
| #define UPNP_VERSION_PATCH 12
| #define NDEBUG 1
| #define UPNP_HAVE_CLIENT 1
| #define UPNP_HAVE_DEVICE 1
| #define UPNP_HAVE_WEBSERVER 1
| #define UPNP_HAVE_SSDP 1
| #define UPNP_HAVE_OPTSSDP 1
| #define UPNP_HAVE_SOAP 1
| #define UPNP_HAVE_GENA 1
| #define UPNP_HAVE_TOOLS 1
| #define UPNP_ENABLE_IPV6 1
| #define UPNP_ENABLE_BLOCKING_TCP_CONNECTIONS 1
| #define IXML_HAVE_SCRIPTSUPPORT 1
| #define STDC_HEADERS 1
| #define HAVE_SYS_TYPES_H 1
| #define HAVE_SYS_STAT_H 1
| #define HAVE_STDLIB_H 1
| #define HAVE_STRING_H 1
| #define HAVE_MEMORY_H 1
| #define HAVE_STRINGS_H 1
| #define HAVE_INTTYPES_H 1
| #define HAVE_STDINT_H 1
| #define HAVE_UNISTD_H 1
| #define HAVE_DLFCN_H 1
| #define LT_OBJDIR ".libs/"
| /* end confdefs.h.  */
| #include <stdio.h>
| #ifdef HAVE_SYS_TYPES_H
| # include <sys/types.h>
| #endif
| #ifdef HAVE_SYS_STAT_H
| # include <sys/stat.h>
| #endif
| #ifdef STDC_HEADERS
| # include <stdlib.h>
| # include <stddef.h>
| #else
| # ifdef HAVE_STDLIB_H
| #  include <stdlib.h>
| # endif
| #endif
| #ifdef HAVE_STRING_H
| # if !defined STDC_HEADERS && defined HAVE_MEMORY_H
| #  include <memory.h>
| # endif
| # include <string.h>
| #endif
| #ifdef HAVE_STRINGS_H
| # include <strings.h>
| #endif
| #ifdef HAVE_INTTYPES_H
| # include <inttypes.h>
| #endif
| #ifdef HAVE_STDINT_H
| # include <stdint.h>
| #endif
| #ifdef HAVE_UNISTD_H
| # include <unistd.h>
| #endif
| int
| main ()
| {
| if (sizeof ((size_t)))
| 	    return 0;
|   ;
|   return 0;
| }
configure:14233: result: yes
configure:14249: checking for Win32
configure:14266: riscv64-unknown-linux-gnu-gcc -c -g -O2 -Os -Wall -Wextra -Wpedantic  conftest.c >&5
configure:14266: $? = 0
configure:14276: result: no
configure:14293: checking for ANSI C header files
configure:14397: result: yes
configure:14425: checking arpa/inet.h usability
configure:14425: riscv64-unknown-linux-gnu-gcc -c -g -O2 -Os -Wall -Wextra -Wpedantic  conftest.c >&5
configure:14425: $? = 0
configure:14425: result: yes
configure:14425: checking arpa/inet.h presence
configure:14425: riscv64-unknown-linux-gnu-gcc -E  conftest.c
configure:14425: $? = 0
configure:14425: result: yes
configure:14425: checking for arpa/inet.h
configure:14425: result: yes
configure:14425: checking fcntl.h usability
configure:14425: riscv64-unknown-linux-gnu-gcc -c -g -O2 -Os -Wall -Wextra -Wpedantic  conftest.c >&5
configure:14425: $? = 0
configure:14425: result: yes
configure:14425: checking fcntl.h presence
configure:14425: riscv64-unknown-linux-gnu-gcc -E  conftest.c
configure:14425: $? = 0
configure:14425: result: yes
configure:14425: checking for fcntl.h
configure:14425: result: yes
configure:14425: checking for inttypes.h
configure:14425: result: yes
configure:14425: checking limits.h usability
configure:14425: riscv64-unknown-linux-gnu-gcc -c -g -O2 -Os -Wall -Wextra -Wpedantic  conftest.c >&5
configure:14425: $? = 0
configure:14425: result: yes
configure:14425: checking limits.h presence
configure:14425: riscv64-unknown-linux-gnu-gcc -E  conftest.c
configure:14425: $? = 0
configure:14425: result: yes
configure:14425: checking for limits.h
configure:14425: result: yes
configure:14425: checking netdb.h usability
configure:14425: riscv64-unknown-linux-gnu-gcc -c -g -O2 -Os -Wall -Wextra -Wpedantic  conftest.c >&5
configure:14425: $? = 0
configure:14425: result: yes
configure:14425: checking netdb.h presence
configure:14425: riscv64-unknown-linux-gnu-gcc -E  conftest.c
configure:14425: $? = 0
configure:14425: result: yes
configure:14425: checking for netdb.h
configure:14425: result: yes
configure:14425: checking netinet/in.h usability
configure:14425: riscv64-unknown-linux-gnu-gcc -c -g -O2 -Os -Wall -Wextra -Wpedantic  conftest.c >&5
configure:14425: $? = 0
configure:14425: result: yes
configure:14425: checking netinet/in.h presence
configure:14425: riscv64-unknown-linux-gnu-gcc -E  conftest.c
configure:14425: $? = 0
configure:14425: result: yes
configure:14425: checking for netinet/in.h
configure:14425: result: yes
configure:14425: checking for stdlib.h
configure:14425: result: yes
configure:14425: checking for string.h
configure:14425: result: yes
configure:14425: checking sys/ioctl.h usability
configure:14425: riscv64-unknown-linux-gnu-gcc -c -g -O2 -Os -Wall -Wextra -Wpedantic  conftest.c >&5
configure:14425: $? = 0
configure:14425: result: yes
configure:14425: checking sys/ioctl.h presence
configure:14425: riscv64-unknown-linux-gnu-gcc -E  conftest.c
configure:14425: $? = 0
configure:14425: result: yes
configure:14425: checking for sys/ioctl.h
configure:14425: result: yes
configure:14425: checking sys/socket.h usability
configure:14425: riscv64-unknown-linux-gnu-gcc -c -g -O2 -Os -Wall -Wextra -Wpedantic  conftest.c >&5
configure:14425: $? = 0
configure:14425: result: yes
configure:14425: checking sys/socket.h presence
configure:14425: riscv64-unknown-linux-gnu-gcc -E  conftest.c
configure:14425: $? = 0
configure:14425: result: yes
configure:14425: checking for sys/socket.h
configure:14425: result: yes
configure:14425: checking sys/time.h usability
configure:14425: riscv64-unknown-linux-gnu-gcc -c -g -O2 -Os -Wall -Wextra -Wpedantic  conftest.c >&5
configure:14425: $? = 0
configure:14425: result: yes
configure:14425: checking sys/time.h presence
configure:14425: riscv64-unknown-linux-gnu-gcc -E  conftest.c
configure:14425: $? = 0
configure:14425: result: yes
configure:14425: checking for sys/time.h
configure:14425: result: yes
configure:14425: checking syslog.h usability
configure:14425: riscv64-unknown-linux-gnu-gcc -c -g -O2 -Os -Wall -Wextra -Wpedantic  conftest.c >&5
configure:14425: $? = 0
configure:14425: result: yes
configure:14425: checking syslog.h presence
configure:14425: riscv64-unknown-linux-gnu-gcc -E  conftest.c
configure:14425: $? = 0
configure:14425: result: yes
configure:14425: checking for syslog.h
configure:14425: result: yes
configure:14425: checking for unistd.h
configure:14425: result: yes
configure:14443: checking for an ANSI C-conforming const
configure:14509: riscv64-unknown-linux-gnu-gcc -c -g -O2 -Os -Wall -Wextra -Wpedantic  conftest.c >&5
configure:14509: $? = 0
configure:14516: result: yes
configure:14524: checking whether byte ordering is bigendian
configure:14539: riscv64-unknown-linux-gnu-gcc -c -g -O2 -Os -Wall -Wextra -Wpedantic  conftest.c >&5
conftest.c:54:9: error: unknown type name 'not'
         not a universal capable compiler
         ^~~
conftest.c:54:15: error: expected '=', ',', ';', 'asm' or '__attribute__' before 'universal'
         not a universal capable compiler
               ^~~~~~~~~
conftest.c:54:15: error: unknown type name 'universal'
configure:14539: $? = 1
configure: failed program was:
| /* confdefs.h */
| #define PACKAGE_NAME "libupnp"
| #define PACKAGE_TARNAME "libupnp"
| #define PACKAGE_VERSION "1.14.12"
| #define PACKAGE_STRING "libupnp 1.14.12"
| #define PACKAGE_BUGREPORT "mroberto@users.sourceforge.net"
| #define PACKAGE_URL ""
| #define PACKAGE "libupnp"
| #define VERSION "1.14.12"
| #define UPNP_VERSION_STRING "1.14.12"
| #define UPNP_VERSION_MAJOR 1
| #define UPNP_VERSION_MINOR 14
| #define UPNP_VERSION_PATCH 12
| #define NDEBUG 1
| #define UPNP_HAVE_CLIENT 1
| #define UPNP_HAVE_DEVICE 1
| #define UPNP_HAVE_WEBSERVER 1
| #define UPNP_HAVE_SSDP 1
| #define UPNP_HAVE_OPTSSDP 1
| #define UPNP_HAVE_SOAP 1
| #define UPNP_HAVE_GENA 1
| #define UPNP_HAVE_TOOLS 1
| #define UPNP_ENABLE_IPV6 1
| #define UPNP_ENABLE_BLOCKING_TCP_CONNECTIONS 1
| #define IXML_HAVE_SCRIPTSUPPORT 1
| #define STDC_HEADERS 1
| #define HAVE_SYS_TYPES_H 1
| #define HAVE_SYS_STAT_H 1
| #define HAVE_STDLIB_H 1
| #define HAVE_STRING_H 1
| #define HAVE_MEMORY_H 1
| #define HAVE_STRINGS_H 1
| #define HAVE_INTTYPES_H 1
| #define HAVE_STDINT_H 1
| #define HAVE_UNISTD_H 1
| #define HAVE_DLFCN_H 1
| #define LT_OBJDIR ".libs/"
| #define STDC_HEADERS 1
| #define HAVE_ARPA_INET_H 1
| #define HAVE_FCNTL_H 1
| #define HAVE_INTTYPES_H 1
| #define HAVE_LIMITS_H 1
| #define HAVE_NETDB_H 1
| #define HAVE_NETINET_IN_H 1
| #define HAVE_STDLIB_H 1
| #define HAVE_STRING_H 1
| #define HAVE_SYS_IOCTL_H 1
| #define HAVE_SYS_SOCKET_H 1
| #define HAVE_SYS_TIME_H 1
| #define HAVE_SYSLOG_H 1
| #define HAVE_UNISTD_H 1
| /* end confdefs.h.  */
| #ifndef __APPLE_CC__
| 	       not a universal capable compiler
| 	     #endif
| 	     typedef int dummy;
| 
configure:14584: riscv64-unknown-linux-gnu-gcc -c -g -O2 -Os -Wall -Wextra -Wpedantic  conftest.c >&5
configure:14584: $? = 0
configure:14602: riscv64-unknown-linux-gnu-gcc -c -g -O2 -Os -Wall -Wextra -Wpedantic  conftest.c >&5
conftest.c: In function 'main':
conftest.c:60:4: error: unknown type name 'not'; did you mean 'ino_t'?
    not big endian
    ^~~
    ino_t
conftest.c:60:12: error: expected '=', ',', ';', 'asm' or '__attribute__' before 'endian'
    not big endian
            ^~~~~~
configure:14602: $? = 1
configure: failed program was:
| /* confdefs.h */
| #define PACKAGE_NAME "libupnp"
| #define PACKAGE_TARNAME "libupnp"
| #define PACKAGE_VERSION "1.14.12"
| #define PACKAGE_STRING "libupnp 1.14.12"
| #define PACKAGE_BUGREPORT "mroberto@users.sourceforge.net"
| #define PACKAGE_URL ""
| #define PACKAGE "libupnp"
| #define VERSION "1.14.12"
| #define UPNP_VERSION_STRING "1.14.12"
| #define UPNP_VERSION_MAJOR 1
| #define UPNP_VERSION_MINOR 14
| #define UPNP_VERSION_PATCH 12
| #define NDEBUG 1
| #define UPNP_HAVE_CLIENT 1
| #define UPNP_HAVE_DEVICE 1
| #define UPNP_HAVE_WEBSERVER 1
| #define UPNP_HAVE_SSDP 1
| #define UPNP_HAVE_OPTSSDP 1
| #define UPNP_HAVE_SOAP 1
| #define UPNP_HAVE_GENA 1
| #define UPNP_HAVE_TOOLS 1
| #define UPNP_ENABLE_IPV6 1
| #define UPNP_ENABLE_BLOCKING_TCP_CONNECTIONS 1
| #define IXML_HAVE_SCRIPTSUPPORT 1
| #define STDC_HEADERS 1
| #define HAVE_SYS_TYPES_H 1
| #define HAVE_SYS_STAT_H 1
| #define HAVE_STDLIB_H 1
| #define HAVE_STRING_H 1
| #define HAVE_MEMORY_H 1
| #define HAVE_STRINGS_H 1
| #define HAVE_INTTYPES_H 1
| #define HAVE_STDINT_H 1
| #define HAVE_UNISTD_H 1
| #define HAVE_DLFCN_H 1
| #define LT_OBJDIR ".libs/"
| #define STDC_HEADERS 1
| #define HAVE_ARPA_INET_H 1
| #define HAVE_FCNTL_H 1
| #define HAVE_INTTYPES_H 1
| #define HAVE_LIMITS_H 1
| #define HAVE_NETDB_H 1
| #define HAVE_NETINET_IN_H 1
| #define HAVE_STDLIB_H 1
| #define HAVE_STRING_H 1
| #define HAVE_SYS_IOCTL_H 1
| #define HAVE_SYS_SOCKET_H 1
| #define HAVE_SYS_TIME_H 1
| #define HAVE_SYSLOG_H 1
| #define HAVE_UNISTD_H 1
| /* end confdefs.h.  */
| #include <sys/types.h>
| 		#include <sys/param.h>
| 
| int
| main ()
| {
| #if BYTE_ORDER != BIG_ENDIAN
| 		 not big endian
| 		#endif
| 
|   ;
|   return 0;
| }
configure:14730: result: no
configure:14752: checking for sys/types.h
configure:14752: result: yes
configure:14752: checking for sys/socket.h
configure:14752: result: yes
configure:14752: checking ws2tcpip.h usability
configure:14752: riscv64-unknown-linux-gnu-gcc -c -g -O2 -Os -Wall -Wextra -Wpedantic  conftest.c >&5
conftest.c:88:10: fatal error: ws2tcpip.h: No such file or directory
 #include <ws2tcpip.h>
          ^~~~~~~~~~~~
compilation terminated.
configure:14752: $? = 1
configure: failed program was:
| /* confdefs.h */
| #define PACKAGE_NAME "libupnp"
| #define PACKAGE_TARNAME "libupnp"
| #define PACKAGE_VERSION "1.14.12"
| #define PACKAGE_STRING "libupnp 1.14.12"
| #define PACKAGE_BUGREPORT "mroberto@users.sourceforge.net"
| #define PACKAGE_URL ""
| #define PACKAGE "libupnp"
| #define VERSION "1.14.12"
| #define UPNP_VERSION_STRING "1.14.12"
| #define UPNP_VERSION_MAJOR 1
| #define UPNP_VERSION_MINOR 14
| #define UPNP_VERSION_PATCH 12
| #define NDEBUG 1
| #define UPNP_HAVE_CLIENT 1
| #define UPNP_HAVE_DEVICE 1
| #define UPNP_HAVE_WEBSERVER 1
| #define UPNP_HAVE_SSDP 1
| #define UPNP_HAVE_OPTSSDP 1
| #define UPNP_HAVE_SOAP 1
| #define UPNP_HAVE_GENA 1
| #define UPNP_HAVE_TOOLS 1
| #define UPNP_ENABLE_IPV6 1
| #define UPNP_ENABLE_BLOCKING_TCP_CONNECTIONS 1
| #define IXML_HAVE_SCRIPTSUPPORT 1
| #define STDC_HEADERS 1
| #define HAVE_SYS_TYPES_H 1
| #define HAVE_SYS_STAT_H 1
| #define HAVE_STDLIB_H 1
| #define HAVE_STRING_H 1
| #define HAVE_MEMORY_H 1
| #define HAVE_STRINGS_H 1
| #define HAVE_INTTYPES_H 1
| #define HAVE_STDINT_H 1
| #define HAVE_UNISTD_H 1
| #define HAVE_DLFCN_H 1
| #define LT_OBJDIR ".libs/"
| #define STDC_HEADERS 1
| #define HAVE_ARPA_INET_H 1
| #define HAVE_FCNTL_H 1
| #define HAVE_INTTYPES_H 1
| #define HAVE_LIMITS_H 1
| #define HAVE_NETDB_H 1
| #define HAVE_NETINET_IN_H 1
| #define HAVE_STDLIB_H 1
| #define HAVE_STRING_H 1
| #define HAVE_SYS_IOCTL_H 1
| #define HAVE_SYS_SOCKET_H 1
| #define HAVE_SYS_TIME_H 1
| #define HAVE_SYSLOG_H 1
| #define HAVE_UNISTD_H 1
| #define HAVE_SYS_TYPES_H 1
| #define HAVE_SYS_SOCKET_H 1
| /* end confdefs.h.  */
| #include <stdio.h>
| #ifdef HAVE_SYS_TYPES_H
| # include <sys/types.h>
| #endif
| #ifdef HAVE_SYS_STAT_H
| # include <sys/stat.h>
| #endif
| #ifdef STDC_HEADERS
| # include <stdlib.h>
| # include <stddef.h>
| #else
| # ifdef HAVE_STDLIB_H
| #  include <stdlib.h>
| # endif
| #endif
| #ifdef HAVE_STRING_H
| # if !defined STDC_HEADERS && defined HAVE_MEMORY_H
| #  include <memory.h>
| # endif
| # include <string.h>
| #endif
| #ifdef HAVE_STRINGS_H
| # include <strings.h>
| #endif
| #ifdef HAVE_INTTYPES_H
| # include <inttypes.h>
| #endif
| #ifdef HAVE_STDINT_H
| # include <stdint.h>
| #endif
| #ifdef HAVE_UNISTD_H
| # include <unistd.h>
| #endif
| #include <ws2tcpip.h>
configure:14752: result: no
configure:14752: checking ws2tcpip.h presence
configure:14752: riscv64-unknown-linux-gnu-gcc -E  conftest.c
conftest.c:55:10: fatal error: ws2tcpip.h: No such file or directory
 #include <ws2tcpip.h>
          ^~~~~~~~~~~~
compilation terminated.
configure:14752: $? = 1
configure: failed program was:
| /* confdefs.h */
| #define PACKAGE_NAME "libupnp"
| #define PACKAGE_TARNAME "libupnp"
| #define PACKAGE_VERSION "1.14.12"
| #define PACKAGE_STRING "libupnp 1.14.12"
| #define PACKAGE_BUGREPORT "mroberto@users.sourceforge.net"
| #define PACKAGE_URL ""
| #define PACKAGE "libupnp"
| #define VERSION "1.14.12"
| #define UPNP_VERSION_STRING "1.14.12"
| #define UPNP_VERSION_MAJOR 1
| #define UPNP_VERSION_MINOR 14
| #define UPNP_VERSION_PATCH 12
| #define NDEBUG 1
| #define UPNP_HAVE_CLIENT 1
| #define UPNP_HAVE_DEVICE 1
| #define UPNP_HAVE_WEBSERVER 1
| #define UPNP_HAVE_SSDP 1
| #define UPNP_HAVE_OPTSSDP 1
| #define UPNP_HAVE_SOAP 1
| #define UPNP_HAVE_GENA 1
| #define UPNP_HAVE_TOOLS 1
| #define UPNP_ENABLE_IPV6 1
| #define UPNP_ENABLE_BLOCKING_TCP_CONNECTIONS 1
| #define IXML_HAVE_SCRIPTSUPPORT 1
| #define STDC_HEADERS 1
| #define HAVE_SYS_TYPES_H 1
| #define HAVE_SYS_STAT_H 1
| #define HAVE_STDLIB_H 1
| #define HAVE_STRING_H 1
| #define HAVE_MEMORY_H 1
| #define HAVE_STRINGS_H 1
| #define HAVE_INTTYPES_H 1
| #define HAVE_STDINT_H 1
| #define HAVE_UNISTD_H 1
| #define HAVE_DLFCN_H 1
| #define LT_OBJDIR ".libs/"
| #define STDC_HEADERS 1
| #define HAVE_ARPA_INET_H 1
| #define HAVE_FCNTL_H 1
| #define HAVE_INTTYPES_H 1
| #define HAVE_LIMITS_H 1
| #define HAVE_NETDB_H 1
| #define HAVE_NETINET_IN_H 1
| #define HAVE_STDLIB_H 1
| #define HAVE_STRING_H 1
| #define HAVE_SYS_IOCTL_H 1
| #define HAVE_SYS_SOCKET_H 1
| #define HAVE_SYS_TIME_H 1
| #define HAVE_SYSLOG_H 1
| #define HAVE_UNISTD_H 1
| #define HAVE_SYS_TYPES_H 1
| #define HAVE_SYS_SOCKET_H 1
| /* end confdefs.h.  */
| #include <ws2tcpip.h>
configure:14752: result: no
configure:14752: checking for ws2tcpip.h
configure:14752: result: no
configure:14762: checking for socklen_t
configure:14786: riscv64-unknown-linux-gnu-gcc -c -g -O2 -Os -Wall -Wextra -Wpedantic  conftest.c >&5
configure:14786: $? = 0
configure:14793: result: yes
configure:14809: checking for vprintf
configure:14809: riscv64-unknown-linux-gnu-gcc -o conftest -g -O2 -Os -Wall -Wextra -Wpedantic   conftest.c  >&5
conftest.c:78:6: warning: conflicting types for built-in function 'vprintf' [-Wbuiltin-declaration-mismatch]
 char vprintf ();
      ^~~~~~~
configure:14809: $? = 0
configure:14809: result: yes
configure:14815: checking for _doprnt
configure:14815: riscv64-unknown-linux-gnu-gcc -o conftest -g -O2 -Os -Wall -Wextra -Wpedantic   conftest.c  >&5
/home/book/tina-d1-h/prebuilt/gcc/linux-x86/riscv/toolchain-thead-glibc/riscv64-glibc-gcc-thead_20200702/bin/../lib/gcc/riscv64-unknown-linux-gnu/8.1.0/../../../../riscv64-unknown-linux-gnu/bin/ld: /tmp/ccClsBIz.o: in function `main':
/home/book/Allwinner/libupnp-1.14.12/conftest.c:90: undefined reference to `_doprnt'
collect2: error: ld returned 1 exit status
configure:14815: $? = 1
configure: failed program was:
| /* confdefs.h */
| #define PACKAGE_NAME "libupnp"
| #define PACKAGE_TARNAME "libupnp"
| #define PACKAGE_VERSION "1.14.12"
| #define PACKAGE_STRING "libupnp 1.14.12"
| #define PACKAGE_BUGREPORT "mroberto@users.sourceforge.net"
| #define PACKAGE_URL ""
| #define PACKAGE "libupnp"
| #define VERSION "1.14.12"
| #define UPNP_VERSION_STRING "1.14.12"
| #define UPNP_VERSION_MAJOR 1
| #define UPNP_VERSION_MINOR 14
| #define UPNP_VERSION_PATCH 12
| #define NDEBUG 1
| #define UPNP_HAVE_CLIENT 1
| #define UPNP_HAVE_DEVICE 1
| #define UPNP_HAVE_WEBSERVER 1
| #define UPNP_HAVE_SSDP 1
| #define UPNP_HAVE_OPTSSDP 1
| #define UPNP_HAVE_SOAP 1
| #define UPNP_HAVE_GENA 1
| #define UPNP_HAVE_TOOLS 1
| #define UPNP_ENABLE_IPV6 1
| #define UPNP_ENABLE_BLOCKING_TCP_CONNECTIONS 1
| #define IXML_HAVE_SCRIPTSUPPORT 1
| #define STDC_HEADERS 1
| #define HAVE_SYS_TYPES_H 1
| #define HAVE_SYS_STAT_H 1
| #define HAVE_STDLIB_H 1
| #define HAVE_STRING_H 1
| #define HAVE_MEMORY_H 1
| #define HAVE_STRINGS_H 1
| #define HAVE_INTTYPES_H 1
| #define HAVE_STDINT_H 1
| #define HAVE_UNISTD_H 1
| #define HAVE_DLFCN_H 1
| #define LT_OBJDIR ".libs/"
| #define STDC_HEADERS 1
| #define HAVE_ARPA_INET_H 1
| #define HAVE_FCNTL_H 1
| #define HAVE_INTTYPES_H 1
| #define HAVE_LIMITS_H 1
| #define HAVE_NETDB_H 1
| #define HAVE_NETINET_IN_H 1
| #define HAVE_STDLIB_H 1
| #define HAVE_STRING_H 1
| #define HAVE_SYS_IOCTL_H 1
| #define HAVE_SYS_SOCKET_H 1
| #define HAVE_SYS_TIME_H 1
| #define HAVE_SYSLOG_H 1
| #define HAVE_UNISTD_H 1
| #define HAVE_SYS_TYPES_H 1
| #define HAVE_SYS_SOCKET_H 1
| #define HAVE_VPRINTF 1
| /* end confdefs.h.  */
| /* Define _doprnt to an innocuous variant, in case <limits.h> declares _doprnt.
|    For example, HP-UX 11i <limits.h> declares gettimeofday.  */
| #define _doprnt innocuous__doprnt
| 
| /* System header to define __stub macros and hopefully few prototypes,
|     which can conflict with char _doprnt (); below.
|     Prefer <limits.h> to <assert.h> if __STDC__ is defined, since
|     <limits.h> exists even on freestanding compilers.  */
| 
| #ifdef __STDC__
| # include <limits.h>
| #else
| # include <assert.h>
| #endif
| 
| #undef _doprnt
| 
| /* Override any GCC internal prototype to avoid an error.
|    Use char because int might match the return type of a GCC
|    builtin and then its argument prototype would still apply.  */
| #ifdef __cplusplus
| extern "C"
| #endif
| char _doprnt ();
| /* The GNU C library defines this for functions which it implements
|     to always fail with ENOSYS.  Some functions are actually named
|     something starting with __ and the normal name is an alias.  */
| #if defined __stub__doprnt || defined __stub____doprnt
| choke me
| #endif
| 
| int
| main ()
| {
| return _doprnt ();
|   ;
|   return 0;
| }
configure:14815: result: no
configure:14826: checking for _LARGEFILE_SOURCE value needed for large files
configure:14845: riscv64-unknown-linux-gnu-gcc -o conftest -g -O2 -Os -Wall -Wextra -Wpedantic   conftest.c  >&5
configure:14845: $? = 0
configure:14873: result: no
configure:14894: checking for strnlen
configure:14894: riscv64-unknown-linux-gnu-gcc -o conftest -g -O2 -Os -Wall -Wextra -Wpedantic   conftest.c  >&5
configure:14894: $? = 0
configure:14894: result: yes
configure:14901: checking for strndup
configure:14901: riscv64-unknown-linux-gnu-gcc -o conftest -g -O2 -Os -Wall -Wextra -Wpedantic   conftest.c  >&5
conftest.c:81:6: warning: conflicting types for built-in function 'strndup' [-Wbuiltin-declaration-mismatch]
 char strndup ();
      ^~~~~~~
configure:14901: $? = 0
configure:14901: result: yes
configure:14910: checking for library containing bind
configure:14941: riscv64-unknown-linux-gnu-gcc -o conftest -g -O2 -Os -Wall -Wextra -Wpedantic   conftest.c  >&5
configure:14941: $? = 0
configure:14958: result: none required
configure:14966: checking for library containing gethostbyname
configure:14997: riscv64-unknown-linux-gnu-gcc -o conftest -g -O2 -Os -Wall -Wextra -Wpedantic   conftest.c  >&5
configure:14997: $? = 0
configure:15014: result: none required
configure:15022: checking for library containing sched_getparam
configure:15053: riscv64-unknown-linux-gnu-gcc -o conftest -g -O2 -Os -Wall -Wextra -Wpedantic   conftest.c  >&5
configure:15053: $? = 0
configure:15070: result: none required
configure:15267: checking whether riscv64-unknown-linux-gnu-gcc is Clang
configure:15292: result: no
configure:15415: checking whether pthreads work with -pthread
configure:15515: riscv64-unknown-linux-gnu-gcc -o conftest -g -O2 -Os -Wall -Wextra -Wpedantic -pthread   conftest.c   >&5
configure:15515: $? = 0
configure:15524: result: yes
configure:15543: checking for joinable pthread attribute
configure:15561: riscv64-unknown-linux-gnu-gcc -o conftest -g -O2 -Os -Wall -Wextra -Wpedantic -pthread   conftest.c   >&5
configure:15561: $? = 0
configure:15569: result: PTHREAD_CREATE_JOINABLE
configure:15583: checking whether more special flags are required for pthreads
configure:15596: result: no
configure:15604: checking for PTHREAD_PRIO_INHERIT
configure:15621: riscv64-unknown-linux-gnu-gcc -o conftest -g -O2 -Os -Wall -Wextra -Wpedantic -pthread   conftest.c   >&5
configure:15621: $? = 0
configure:15630: result: yes
configure:15742: checking if pthread_rwlock_t is available
configure:15761: riscv64-unknown-linux-gnu-gcc -c -pthread -g -O2 -Os -Wall -Wextra -Wpedantic  conftest.c >&5
conftest.c: In function 'main':
conftest.c:65:19: warning: unused variable 'x' [-Wunused-variable]
 pthread_rwlock_t *x;
                   ^
configure:15761: $? = 0
configure:15765: result: yes, supported without any options
configure:16106: checking that generated files are newer than configure
configure:16112: result: done
configure:16236: creating ./config.status

## ---------------------- ##
## Running config.status. ##
## ---------------------- ##

This file was extended by libupnp config.status 1.14.12, which was
generated by GNU Autoconf 2.69.  Invocation command line was

  CONFIG_FILES    = 
  CONFIG_HEADERS  = 
  CONFIG_LINKS    = 
  CONFIG_COMMANDS = 
  $ ./config.status 

on virtual-machine

config.status:1186: creating Makefile
config.status:1186: creating docs/Makefile
config.status:1186: creating ixml/Makefile
config.status:1186: creating upnp/Makefile
config.status:1186: creating upnp/sample/Makefile
config.status:1186: creating libupnp.pc
config.status:1186: creating autoconfig.h
config.status:1186: creating upnp/inc/upnpconfig.h
config.status:1186: creating upnp/sample/common/config_sample.h
config.status:1415: executing depfiles commands
config.status:1492: cd ixml       && sed -e '/# am--include-marker/d' Makefile         | make -f - am--depfiles
config.status:1497: $? = 0
config.status:1492: cd upnp       && sed -e '/# am--include-marker/d' Makefile         | make -f - am--depfiles
config.status:1497: $? = 0
config.status:1492: cd upnp/sample       && sed -e '/# am--include-marker/d' Makefile         | make -f - am--depfiles
config.status:1497: $? = 0
config.status:1415: executing libtool commands

## ---------------- ##
## Cache variables. ##
## ---------------- ##

ac_cv_build=x86_64-unknown-linux-gnu
ac_cv_c_bigendian=no
ac_cv_c_compiler_gnu=yes
ac_cv_c_const=yes
ac_cv_cflags_gcc_option__Os=-Os
ac_cv_cflags_gcc_option__Wextra__Wpedantic='-Wextra -Wpedantic'
ac_cv_cflags_warn_all=-Wall
ac_cv_env_CC_set=
ac_cv_env_CC_value=
ac_cv_env_CFLAGS_set=
ac_cv_env_CFLAGS_value=
ac_cv_env_CPPFLAGS_set=
ac_cv_env_CPPFLAGS_value=
ac_cv_env_CPP_set=
ac_cv_env_CPP_value=
ac_cv_env_LDFLAGS_set=
ac_cv_env_LDFLAGS_value=
ac_cv_env_LIBS_set=
ac_cv_env_LIBS_value=
ac_cv_env_LT_SYS_LIBRARY_PATH_set=
ac_cv_env_LT_SYS_LIBRARY_PATH_value=
ac_cv_env_OPENSSL_CFLAGS_set=
ac_cv_env_OPENSSL_CFLAGS_value=
ac_cv_env_OPENSSL_LIBS_set=
ac_cv_env_OPENSSL_LIBS_value=
ac_cv_env_PKG_CONFIG_LIBDIR_set=
ac_cv_env_PKG_CONFIG_LIBDIR_value=
ac_cv_env_PKG_CONFIG_PATH_set=
ac_cv_env_PKG_CONFIG_PATH_value=
ac_cv_env_PKG_CONFIG_set=
ac_cv_env_PKG_CONFIG_value=
ac_cv_env_build_alias_set=
ac_cv_env_build_alias_value=
ac_cv_env_host_alias_set=set
ac_cv_env_host_alias_value=riscv64-unknown-linux-gnu
ac_cv_env_target_alias_set=
ac_cv_env_target_alias_value=
ac_cv_func__doprnt=no
ac_cv_func_strndup=yes
ac_cv_func_strnlen=yes
ac_cv_func_vprintf=yes
ac_cv_header_arpa_inet_h=yes
ac_cv_header_dlfcn_h=yes
ac_cv_header_fcntl_h=yes
ac_cv_header_inttypes_h=yes
ac_cv_header_limits_h=yes
ac_cv_header_memory_h=yes
ac_cv_header_netdb_h=yes
ac_cv_header_netinet_in_h=yes
ac_cv_header_stdc=yes
ac_cv_header_stdint_h=yes
ac_cv_header_stdlib_h=yes
ac_cv_header_string_h=yes
ac_cv_header_strings_h=yes
ac_cv_header_sys_ioctl_h=yes
ac_cv_header_sys_socket_h=yes
ac_cv_header_sys_stat_h=yes
ac_cv_header_sys_time_h=yes
ac_cv_header_sys_types_h=yes
ac_cv_header_syslog_h=yes
ac_cv_header_unistd_h=yes
ac_cv_header_ws2tcpip_h=no
ac_cv_host=riscv64-unknown-linux-gnu
ac_cv_objext=o
ac_cv_path_EGREP='/bin/grep -E'
ac_cv_path_FGREP='/bin/grep -F'
ac_cv_path_GREP=/bin/grep
ac_cv_path_SED=/bin/sed
ac_cv_path_install='/usr/bin/install -c'
ac_cv_path_lt_DD=/bin/dd
ac_cv_path_mkdir=/bin/mkdir
ac_cv_prog_AR=riscv64-unknown-linux-gnu-ar
ac_cv_prog_AWK=gawk
ac_cv_prog_CC=riscv64-unknown-linux-gnu-gcc
ac_cv_prog_CPP='riscv64-unknown-linux-gnu-gcc -E'
ac_cv_prog_OBJDUMP=riscv64-unknown-linux-gnu-objdump
ac_cv_prog_RANLIB=riscv64-unknown-linux-gnu-ranlib
ac_cv_prog_STRIP=riscv64-unknown-linux-gnu-strip
ac_cv_prog_ac_ct_MANIFEST_TOOL=mt
ac_cv_prog_cc_c89=
ac_cv_prog_cc_g=yes
ac_cv_prog_make_make_set=yes
ac_cv_search_bind='none required'
ac_cv_search_gethostbyname='none required'
ac_cv_search_sched_getparam='none required'
ac_cv_socklen_t=yes
ac_cv_sys_file_offset_bits=no
ac_cv_sys_largefile_CC=no
ac_cv_sys_largefile_sensitive=no
ac_cv_sys_largefile_source=no
ac_cv_type_size_t=yes
ac_cv_win32=no
am_cv_CC_dependencies_compiler_type=gcc3
am_cv_ar_interface=ar
am_cv_make_support_nested_variables=yes
am_cv_prog_cc_c_o=yes
ax_cv_PTHREAD_CLANG=no
ax_cv_PTHREAD_JOINABLE_ATTR=PTHREAD_CREATE_JOINABLE
ax_cv_PTHREAD_PRIO_INHERIT=yes
ax_cv_PTHREAD_SPECIAL_FLAGS=no
lt_cv_ar_at_file=@
lt_cv_archive_cmds_need_lc=no
lt_cv_deplibs_check_method=pass_all
lt_cv_file_magic_cmd='$MAGIC_CMD'
lt_cv_file_magic_test_file=
lt_cv_ld_reload_flag=-r
lt_cv_nm_interface='BSD nm'
lt_cv_objdir=.libs
lt_cv_path_LD=/home/book/tina-d1-h/prebuilt/gcc/linux-x86/riscv/toolchain-thead-glibc/riscv64-glibc-gcc-thead_20200702/riscv64-unknown-linux-gnu/bin/ld
lt_cv_path_NM='/home/book/tina-d1-h/out/d1-h-nezha/staging_dir/toolchain/bin/riscv64-unknown-linux-gnu-nm -B'
lt_cv_path_mainfest_tool=no
lt_cv_prog_compiler_c_o=yes
lt_cv_prog_compiler_pic='-fPIC -DPIC'
lt_cv_prog_compiler_pic_works=yes
lt_cv_prog_compiler_rtti_exceptions=no
lt_cv_prog_compiler_static_works=yes
lt_cv_prog_gnu_ld=yes
lt_cv_sharedlib_from_linklib_cmd='printf %s\n'
lt_cv_shlibpath_overrides_runpath=no
lt_cv_sys_global_symbol_pipe='sed -n -e '\''s/^.*[	 ]\([ABCDGIRSTW][ABCDGIRSTW]*\)[	 ][	 ]*\([_A-Za-z][_A-Za-z0-9]*\)$/\1 \2 \2/p'\'' | sed '\''/ __gnu_lto/d'\'''
lt_cv_sys_global_symbol_to_c_name_address='sed -n -e '\''s/^: \(.*\) .*$/  {"\1", (void *) 0},/p'\'' -e '\''s/^[ABCDGIRSTW][ABCDGIRSTW]* .* \(.*\)$/  {"\1", (void *) \&\1},/p'\'''
lt_cv_sys_global_symbol_to_c_name_address_lib_prefix='sed -n -e '\''s/^: \(.*\) .*$/  {"\1", (void *) 0},/p'\'' -e '\''s/^[ABCDGIRSTW][ABCDGIRSTW]* .* \(lib.*\)$/  {"\1", (void *) \&\1},/p'\'' -e '\''s/^[ABCDGIRSTW][ABCDGIRSTW]* .* \(.*\)$/  {"lib\1", (void *) \&\1},/p'\'''
lt_cv_sys_global_symbol_to_cdecl='sed -n -e '\''s/^T .* \(.*\)$/extern int \1();/p'\'' -e '\''s/^[ABCDGIRSTW][ABCDGIRSTW]* .* \(.*\)$/extern char \1;/p'\'''
lt_cv_sys_global_symbol_to_import=
lt_cv_sys_max_cmd_len=1572864
lt_cv_to_host_file_cmd=func_convert_file_noop
lt_cv_to_tool_file_cmd=func_convert_file_noop
lt_cv_truncate_bin='/bin/dd bs=4096 count=1'

## ----------------- ##
## Output variables. ##
## ----------------- ##

ACLOCAL='${SHELL} '\''/home/book/Allwinner/libupnp-1.14.12/build-aux/missing'\'' aclocal-1.16'
AMDEPBACKSLASH='\'
AMDEP_FALSE='#'
AMDEP_TRUE=''
AMTAR='$${TAR-tar}'
AM_BACKSLASH='\'
AM_DEFAULT_V='$(AM_DEFAULT_VERBOSITY)'
AM_DEFAULT_VERBOSITY='0'
AM_V='$(V)'
AR='riscv64-unknown-linux-gnu-ar'
AUTOCONF='${SHELL} '\''/home/book/Allwinner/libupnp-1.14.12/build-aux/missing'\'' autoconf'
AUTOHEADER='${SHELL} '\''/home/book/Allwinner/libupnp-1.14.12/build-aux/missing'\'' autoheader'
AUTOMAKE='${SHELL} '\''/home/book/Allwinner/libupnp-1.14.12/build-aux/missing'\'' automake-1.16'
AWK='gawk'
CC='riscv64-unknown-linux-gnu-gcc'
CCDEPMODE='depmode=gcc3'
CFLAGS='-pthread -g -O2 -Os -Wall -Wextra -Wpedantic'
CPP='riscv64-unknown-linux-gnu-gcc -E'
CPPFLAGS=''
CYGPATH_W='echo'
DEFS='-DHAVE_CONFIG_H'
DEPDIR='.deps'
DLLTOOL='false'
DSYMUTIL=''
DUMPBIN=''
ECHO_C=''
ECHO_N='-n'
ECHO_T=''
EGREP='/bin/grep -E'
ENABLE_BLOCKING_TCP_CONNECTIONS_FALSE='#'
ENABLE_BLOCKING_TCP_CONNECTIONS_TRUE=''
ENABLE_CLIENT_FALSE='#'
ENABLE_CLIENT_TRUE=''
ENABLE_DEBUG_FALSE=''
ENABLE_DEBUG_TRUE='#'
ENABLE_DEVICE_FALSE='#'
ENABLE_DEVICE_TRUE=''
ENABLE_GENA_FALSE='#'
ENABLE_GENA_TRUE=''
ENABLE_IPV6_FALSE='#'
ENABLE_IPV6_TRUE=''
ENABLE_OPEN_SSL_FALSE=''
ENABLE_OPEN_SSL_TRUE='#'
ENABLE_OPTSSDP_FALSE='#'
ENABLE_OPTSSDP_TRUE=''
ENABLE_POSTWRITE_FALSE=''
ENABLE_POSTWRITE_TRUE='#'
ENABLE_REUSEADDR_FALSE=''
ENABLE_REUSEADDR_TRUE='#'
ENABLE_SAMPLES_FALSE='#'
ENABLE_SAMPLES_TRUE=''
ENABLE_SCRIPTSUPPORT_FALSE='#'
ENABLE_SCRIPTSUPPORT_TRUE=''
ENABLE_SOAP_FALSE='#'
ENABLE_SOAP_TRUE=''
ENABLE_SSDP_FALSE='#'
ENABLE_SSDP_TRUE=''
ENABLE_TOOLS_FALSE='#'
ENABLE_TOOLS_TRUE=''
ENABLE_UNSPECIFIED_SERVER_FALSE=''
ENABLE_UNSPECIFIED_SERVER_TRUE='#'
ENABLE_UUID_FALSE='#'
ENABLE_UUID_TRUE=''
ENABLE_WEBSERVER_FALSE='#'
ENABLE_WEBSERVER_TRUE=''
EXEEXT=''
FGREP='/bin/grep -F'
FREEBSD_FALSE=''
FREEBSD_TRUE='#'
GREP='/bin/grep'
INSTALL_DATA='${INSTALL} -m 644'
INSTALL_PROGRAM='${INSTALL}'
INSTALL_SCRIPT='${INSTALL}'
INSTALL_STRIP_PROGRAM='$(install_sh) -c -s'
LD='/home/book/tina-d1-h/prebuilt/gcc/linux-x86/riscv/toolchain-thead-glibc/riscv64-glibc-gcc-thead_20200702/riscv64-unknown-linux-gnu/bin/ld'
LDFLAGS=''
LIBOBJS=''
LIBS=' '
LIBTOOL='$(SHELL) $(top_builddir)/libtool'
LINUX_FALSE='#'
LINUX_TRUE=''
LIPO=''
LN_S='ln -s'
LTLIBOBJS=''
LT_SYS_LIBRARY_PATH=''
LT_VERSION_IXML='12:2:1'
LT_VERSION_UPNP='18:3:1'
MAKEINFO='${SHELL} '\''/home/book/Allwinner/libupnp-1.14.12/build-aux/missing'\'' makeinfo'
MANIFEST_TOOL=':'
MKDIR_P='/bin/mkdir -p'
NM='/home/book/tina-d1-h/out/d1-h-nezha/staging_dir/toolchain/bin/riscv64-unknown-linux-gnu-nm -B'
NMEDIT=''
OBJDUMP='riscv64-unknown-linux-gnu-objdump'
OBJEXT='o'
OPENSSL_CFLAGS=''
OPENSSL_LIBS=''
OSX_FALSE=''
OSX_TRUE='#'
OTOOL64=''
OTOOL=''
PACKAGE='libupnp'
PACKAGE_BUGREPORT='mroberto@users.sourceforge.net'
PACKAGE_NAME='libupnp'
PACKAGE_STRING='libupnp 1.14.12'
PACKAGE_TARNAME='libupnp'
PACKAGE_URL=''
PACKAGE_VERSION='1.14.12'
PATH_SEPARATOR=':'
PKG_CONFIG=''
PKG_CONFIG_LIBDIR=''
PKG_CONFIG_PATH=''
PTHREAD_CC='riscv64-unknown-linux-gnu-gcc'
PTHREAD_CFLAGS='-pthread'
PTHREAD_LIBS=''
RANLIB='riscv64-unknown-linux-gnu-ranlib'
SED='/bin/sed'
SET_MAKE=''
SHELL='/bin/bash'
STRIP='riscv64-unknown-linux-gnu-strip'
VERSION='1.14.12'
WIN32_FALSE=''
WIN32_TRUE='#'
WINDOWS_FALSE=''
WINDOWS_TRUE='#'
ac_ct_AR=''
ac_ct_CC=''
ac_ct_DUMPBIN=''
am__EXEEXT_FALSE=''
am__EXEEXT_TRUE='#'
am__fastdepCC_FALSE='#'
am__fastdepCC_TRUE=''
am__include='include'
am__isrc=''
am__leading_dot='.'
am__nodep='_no'
am__quote=''
am__tar='$${TAR-tar} chof - "$$tardir"'
am__untar='$${TAR-tar} xf -'
ax_pthread_config=''
bindir='${exec_prefix}/bin'
build='x86_64-unknown-linux-gnu'
build_alias=''
build_cpu='x86_64'
build_os='linux-gnu'
build_vendor='unknown'
datadir='${datarootdir}'
datarootdir='${prefix}/share'
docdir='${datarootdir}/doc/${PACKAGE_TARNAME}'
dvidir='${docdir}'
exec_prefix='${prefix}'
host='riscv64-unknown-linux-gnu'
host_alias='riscv64-unknown-linux-gnu'
host_cpu='riscv64'
host_os='linux-gnu'
host_vendor='unknown'
htmldir='${docdir}'
includedir='${prefix}/include'
infodir='${datarootdir}/info'
install_sh='${SHELL} /home/book/Allwinner/libupnp-1.14.12/build-aux/install-sh'
libdir='${exec_prefix}/lib'
libexecdir='${exec_prefix}/libexec'
localedir='${datarootdir}/locale'
localstatedir='${prefix}/var'
mandir='${datarootdir}/man'
mkdir_p='$(MKDIR_P)'
oldincludedir='/usr/include'
pdfdir='${docdir}'
prefix='/usr/local'
program_transform_name='s,x,x,'
psdir='${docdir}'
sbindir='${exec_prefix}/sbin'
sharedstatedir='${prefix}/com'
sysconfdir='${prefix}/etc'
target_alias=''

## ----------- ##
## confdefs.h. ##
## ----------- ##

/* confdefs.h */
#define PACKAGE_NAME "libupnp"
#define PACKAGE_TARNAME "libupnp"
#define PACKAGE_VERSION "1.14.12"
#define PACKAGE_STRING "libupnp 1.14.12"
#define PACKAGE_BUGREPORT "mroberto@users.sourceforge.net"
#define PACKAGE_URL ""
#define PACKAGE "libupnp"
#define VERSION "1.14.12"
#define UPNP_VERSION_STRING "1.14.12"
#define UPNP_VERSION_MAJOR 1
#define UPNP_VERSION_MINOR 14
#define UPNP_VERSION_PATCH 12
#define NDEBUG 1
#define UPNP_HAVE_CLIENT 1
#define UPNP_HAVE_DEVICE 1
#define UPNP_HAVE_WEBSERVER 1
#define UPNP_HAVE_SSDP 1
#define UPNP_HAVE_OPTSSDP 1
#define UPNP_HAVE_SOAP 1
#define UPNP_HAVE_GENA 1
#define UPNP_HAVE_TOOLS 1
#define UPNP_ENABLE_IPV6 1
#define UPNP_ENABLE_BLOCKING_TCP_CONNECTIONS 1
#define IXML_HAVE_SCRIPTSUPPORT 1
#define STDC_HEADERS 1
#define HAVE_SYS_TYPES_H 1
#define HAVE_SYS_STAT_H 1
#define HAVE_STDLIB_H 1
#define HAVE_STRING_H 1
#define HAVE_MEMORY_H 1
#define HAVE_STRINGS_H 1
#define HAVE_INTTYPES_H 1
#define HAVE_STDINT_H 1
#define HAVE_UNISTD_H 1
#define HAVE_DLFCN_H 1
#define LT_OBJDIR ".libs/"
#define STDC_HEADERS 1
#define HAVE_ARPA_INET_H 1
#define HAVE_FCNTL_H 1
#define HAVE_INTTYPES_H 1
#define HAVE_LIMITS_H 1
#define HAVE_NETDB_H 1
#define HAVE_NETINET_IN_H 1
#define HAVE_STDLIB_H 1
#define HAVE_STRING_H 1
#define HAVE_SYS_IOCTL_H 1
#define HAVE_SYS_SOCKET_H 1
#define HAVE_SYS_TIME_H 1
#define HAVE_SYSLOG_H 1
#define HAVE_UNISTD_H 1
#define HAVE_SYS_TYPES_H 1
#define HAVE_SYS_SOCKET_H 1
#define HAVE_VPRINTF 1
#define HAVE_FSEEKO 1
#define HAVE_STRNLEN 1
#define HAVE_STRNDUP 1
#define HAVE_PTHREAD_PRIO_INHERIT 1
#define HAVE_PTHREAD 1
#define UPNP_USE_RWLOCK 1

configure: exit 0
